<?xml version="1.0" encoding="UTF-8"?>
<!-- Generated by org.testng.reporters.JUnitXMLReporter -->
<testsuite ignored="0" hostname="HP" failures="1" tests="1" name="MyProfileTests" time="25.542" errors="0" timestamp="2025-09-25T16:07:37 IST">
  <testcase classname="tests.locationUpdateTest" name="verifyLocationUpdate" time="14.855">
    <failure type="org.openqa.selenium.NoSuchElementException" message="An element could not be located on the page using the given search parameters.
For documentation on this error, please visit: https://www.selenium.dev/documentation/webdriver/troubleshooting/errors#no-such-element-exception
Build info: version: &amp;apos;4.35.0&amp;apos;, revision: &amp;apos;1c58e5028b&amp;apos;
System info: os.name: &amp;apos;Windows 11&amp;apos;, os.arch: &amp;apos;amd64&amp;apos;, os.version: &amp;apos;10.0&amp;apos;, java.version: &amp;apos;21.0.6&amp;apos;
Driver info: io.appium.java_client.android.AndroidDriver
Command: [2d968d9f-ddc4-425e-ab5f-8551acb1e196, findElement {using=xpath, value=//android.widget.EditText[@text=&amp;quot;Pune, Maharashtra&amp;quot;]}]
Capabilities {appium:appActivity: com.toneop.mobile.MainActivity, appium:appPackage: com.toneop.mobile, appium:automationName: UiAutomator2, appium:databaseEnabled: false, appium:desired: {appActivity: com.toneop.mobile.MainActivity, appPackage: com.toneop.mobile, automationName: UiAutomator2, deviceName: IZ7LOROF4TRGUWCY, ignoreHiddenApiPolicyError: true, noReset: true, platformName: ANDROID, platformVersion: 14.0}, appium:deviceApiLevel: 34, appium:deviceManufacturer: OPPO, appium:deviceModel: CPH2385, appium:deviceName: IZ7LOROF4TRGUWCY, appium:deviceScreenDensity: 320, appium:deviceScreenSize: 720x1612, appium:deviceUDID: IZ7LOROF4TRGUWCY, appium:ignoreHiddenApiPolicyError: true, appium:javascriptEnabled: true, appium:locationContextEnabled: false, appium:networkConnectionEnabled: true, appium:noReset: true, appium:pixelRatio: 2, appium:platformVersion: 14, appium:statBarHeight: 64, appium:takesScreenshot: true, appium:viewportRect: {height: 1548, left: 0, top: 64, width: 720}, appium:warnings: {}, appium:webStorageEnabled: false, platformName: ANDROID}
Session ID: 2d968d9f-ddc4-425e-ab5f-8551acb1e196">
      <![CDATA[org.openqa.selenium.NoSuchElementException: An element could not be located on the page using the given search parameters.
For documentation on this error, please visit: https://www.selenium.dev/documentation/webdriver/troubleshooting/errors#no-such-element-exception
Build info: version: '4.35.0', revision: '1c58e5028b'
System info: os.name: 'Windows 11', os.arch: 'amd64', os.version: '10.0', java.version: '21.0.6'
Driver info: io.appium.java_client.android.AndroidDriver
Command: [2d968d9f-ddc4-425e-ab5f-8551acb1e196, findElement {using=xpath, value=//android.widget.EditText[@text="Pune, Maharashtra"]}]
Capabilities {appium:appActivity: com.toneop.mobile.MainActivity, appium:appPackage: com.toneop.mobile, appium:automationName: UiAutomator2, appium:databaseEnabled: false, appium:desired: {appActivity: com.toneop.mobile.MainActivity, appPackage: com.toneop.mobile, automationName: UiAutomator2, deviceName: IZ7LOROF4TRGUWCY, ignoreHiddenApiPolicyError: true, noReset: true, platformName: ANDROID, platformVersion: 14.0}, appium:deviceApiLevel: 34, appium:deviceManufacturer: OPPO, appium:deviceModel: CPH2385, appium:deviceName: IZ7LOROF4TRGUWCY, appium:deviceScreenDensity: 320, appium:deviceScreenSize: 720x1612, appium:deviceUDID: IZ7LOROF4TRGUWCY, appium:ignoreHiddenApiPolicyError: true, appium:javascriptEnabled: true, appium:locationContextEnabled: false, appium:networkConnectionEnabled: true, appium:noReset: true, appium:pixelRatio: 2, appium:platformVersion: 14, appium:statBarHeight: 64, appium:takesScreenshot: true, appium:viewportRect: {height: 1548, left: 0, top: 64, width: 720}, appium:warnings: {}, appium:webStorageEnabled: false, platformName: ANDROID}
Session ID: 2d968d9f-ddc4-425e-ab5f-8551acb1e196
at org.openqa.selenium.remote.ErrorCodec.decode(ErrorCodec.java:167)
at org.openqa.selenium.remote.codec.w3c.W3CHttpResponseCodec.decode(W3CHttpResponseCodec.java:138)
at org.openqa.selenium.remote.codec.w3c.W3CHttpResponseCodec.decode(W3CHttpResponseCodec.java:50)
at org.openqa.selenium.remote.HttpCommandExecutor.execute(HttpCommandExecutor.java:215)
at io.appium.java_client.remote.AppiumCommandExecutor.execute(AppiumCommandExecutor.java:243)
at org.openqa.selenium.remote.RemoteWebDriver.execute(RemoteWebDriver.java:557)
at org.openqa.selenium.remote.ElementLocation$ElementFinder$2.findElement(ElementLocation.java:165)
at org.openqa.selenium.remote.ElementLocation.findElement(ElementLocation.java:59)
at org.openqa.selenium.remote.RemoteWebDriver.findElement(RemoteWebDriver.java:380)
at org.openqa.selenium.remote.RemoteWebDriver.findElement(RemoteWebDriver.java:374)
at pages.myProfilePage.updateLocation(myProfilePage.java:55)
at tests.locationUpdateTest.verifyLocationUpdate(locationUpdateTest.java:15)
at java.base/java.util.ArrayList.forEach(ArrayList.java:1596)
... Removed 28 stack frames]]>
    </failure>
  </testcase> <!-- verifyLocationUpdate -->
</testsuite> <!-- MyProfileTests -->
