<?xml version="1.0" encoding="UTF-8"?>
<testng-results ignored="0" total="2" passed="2" failed="0" skipped="0">
  <reporter-output>
  </reporter-output>
  <suite started-at="2025-09-26T14:53:55 IST" name="MyProfileTestSuite" finished-at="2025-09-26T14:55:41 IST" duration-ms="106067">
    <groups>
    </groups>
    <test started-at="2025-09-26T14:53:55 IST" name="MyProfileTests" finished-at="2025-09-26T14:55:41 IST" duration-ms="106067">
      <class name="tests.locationUpdateTest">
        <test-method is-config="true" signature="setup()[pri:0, instance:tests.locationUpdateTest@198b6731]" started-at="2025-09-26T14:53:55 IST" name="setup" finished-at="2025-09-26T14:54:10 IST" duration-ms="14653" status="PASS">
          <reporter-output>
          </reporter-output>
        </test-method> <!-- setup -->
        <test-method signature="verifyLocationUpdate()[pri:0, instance:tests.locationUpdateTest@198b6731]" started-at="2025-09-26T14:54:10 IST" name="verifyLocationUpdate" finished-at="2025-09-26T14:54:33 IST" duration-ms="23089" status="PASS">
          <reporter-output>
          </reporter-output>
        </test-method> <!-- verifyLocationUpdate -->
        <test-method is-config="true" signature="tearDown()[pri:0, instance:tests.locationUpdateTest@198b6731]" started-at="2025-09-26T14:54:33 IST" name="tearDown" finished-at="2025-09-26T14:54:34 IST" duration-ms="1047" status="PASS">
          <reporter-output>
          </reporter-output>
        </test-method> <!-- tearDown -->
      </class> <!-- tests.locationUpdateTest -->
      <class name="tests.basicInformationUpdate">
        <test-method is-config="true" signature="setup()[pri:0, instance:tests.basicInformationUpdate@4b2bac3f]" started-at="2025-09-26T14:54:34 IST" name="setup" finished-at="2025-09-26T14:54:44 IST" duration-ms="9368" status="PASS">
          <reporter-output>
          </reporter-output>
        </test-method> <!-- setup -->
        <test-method signature="verifyBasicInformationUpdate()[pri:0, instance:tests.basicInformationUpdate@4b2bac3f]" started-at="2025-09-26T14:54:44 IST" name="verifyBasicInformationUpdate" finished-at="2025-09-26T14:55:40 IST" duration-ms="56616" status="PASS">
          <reporter-output>
          </reporter-output>
        </test-method> <!-- verifyBasicInformationUpdate -->
        <test-method is-config="true" signature="tearDown()[pri:0, instance:tests.basicInformationUpdate@4b2bac3f]" started-at="2025-09-26T14:55:40 IST" name="tearDown" finished-at="2025-09-26T14:55:41 IST" duration-ms="1052" status="PASS">
          <reporter-output>
          </reporter-output>
        </test-method> <!-- tearDown -->
      </class> <!-- tests.basicInformationUpdate -->
    </test> <!-- MyProfileTests -->
  </suite> <!-- MyProfileTestSuite -->
</testng-results>
