<?xml version="1.0" encoding="UTF-8"?>
<testng-results ignored="0" total="1" passed="0" failed="1" skipped="0">
  <reporter-output>
  </reporter-output>
  <suite started-at="2025-09-25T16:07:12 IST" name="MyProfileTestSuite" finished-at="2025-09-25T16:07:37 IST" duration-ms="25542">
    <groups>
    </groups>
    <test started-at="2025-09-25T16:07:12 IST" name="MyProfileTests" finished-at="2025-09-25T16:07:37 IST" duration-ms="25542">
      <class name="tests.locationUpdateTest">
        <test-method is-config="true" signature="setup()[pri:0, instance:tests.locationUpdateTest@489115ef]" started-at="2025-09-25T16:07:12 IST" name="setup" finished-at="2025-09-25T16:07:21 IST" duration-ms="9520" status="PASS">
          <reporter-output>
          </reporter-output>
        </test-method> <!-- setup -->
        <test-method signature="verifyLocationUpdate()[pri:0, instance:tests.locationUpdateTest@489115ef]" started-at="2025-09-25T16:07:21 IST" name="verifyLocationUpdate" finished-at="2025-09-25T16:07:36 IST" duration-ms="14855" status="FAIL">
          <exception class="org.openqa.selenium.NoSuchElementException">
            <message>
              <![CDATA[An element could not be located on the page using the given search parameters.
For documentation on this error, please visit: https://www.selenium.dev/documentation/webdriver/troubleshooting/errors#no-such-element-exception
Build info: version: '4.35.0', revision: '1c58e5028b'
System info: os.name: 'Windows 11', os.arch: 'amd64', os.version: '10.0', java.version: '21.0.6'
Driver info: io.appium.java_client.android.AndroidDriver
Command: [2d968d9f-ddc4-425e-ab5f-8551acb1e196, findElement {using=xpath, value=//android.widget.EditText[@text="Pune, Maharashtra"]}]
Capabilities {appium:appActivity: com.toneop.mobile.MainActivity, appium:appPackage: com.toneop.mobile, appium:automationName: UiAutomator2, appium:databaseEnabled: false, appium:desired: {appActivity: com.toneop.mobile.MainActivity, appPackage: com.toneop.mobile, automationName: UiAutomator2, deviceName: IZ7LOROF4TRGUWCY, ignoreHiddenApiPolicyError: true, noReset: true, platformName: ANDROID, platformVersion: 14.0}, appium:deviceApiLevel: 34, appium:deviceManufacturer: OPPO, appium:deviceModel: CPH2385, appium:deviceName: IZ7LOROF4TRGUWCY, appium:deviceScreenDensity: 320, appium:deviceScreenSize: 720x1612, appium:deviceUDID: IZ7LOROF4TRGUWCY, appium:ignoreHiddenApiPolicyError: true, appium:javascriptEnabled: true, appium:locationContextEnabled: false, appium:networkConnectionEnabled: true, appium:noReset: true, appium:pixelRatio: 2, appium:platformVersion: 14, appium:statBarHeight: 64, appium:takesScreenshot: true, appium:viewportRect: {height: 1548, left: 0, top: 64, width: 720}, appium:warnings: {}, appium:webStorageEnabled: false, platformName: ANDROID}
Session ID: 2d968d9f-ddc4-425e-ab5f-8551acb1e196]]>
            </message>
            <full-stacktrace>
              <![CDATA[org.openqa.selenium.NoSuchElementException: An element could not be located on the page using the given search parameters.
For documentation on this error, please visit: https://www.selenium.dev/documentation/webdriver/troubleshooting/errors#no-such-element-exception
Build info: version: '4.35.0', revision: '1c58e5028b'
System info: os.name: 'Windows 11', os.arch: 'amd64', os.version: '10.0', java.version: '21.0.6'
Driver info: io.appium.java_client.android.AndroidDriver
Command: [2d968d9f-ddc4-425e-ab5f-8551acb1e196, findElement {using=xpath, value=//android.widget.EditText[@text="Pune, Maharashtra"]}]
Capabilities {appium:appActivity: com.toneop.mobile.MainActivity, appium:appPackage: com.toneop.mobile, appium:automationName: UiAutomator2, appium:databaseEnabled: false, appium:desired: {appActivity: com.toneop.mobile.MainActivity, appPackage: com.toneop.mobile, automationName: UiAutomator2, deviceName: IZ7LOROF4TRGUWCY, ignoreHiddenApiPolicyError: true, noReset: true, platformName: ANDROID, platformVersion: 14.0}, appium:deviceApiLevel: 34, appium:deviceManufacturer: OPPO, appium:deviceModel: CPH2385, appium:deviceName: IZ7LOROF4TRGUWCY, appium:deviceScreenDensity: 320, appium:deviceScreenSize: 720x1612, appium:deviceUDID: IZ7LOROF4TRGUWCY, appium:ignoreHiddenApiPolicyError: true, appium:javascriptEnabled: true, appium:locationContextEnabled: false, appium:networkConnectionEnabled: true, appium:noReset: true, appium:pixelRatio: 2, appium:platformVersion: 14, appium:statBarHeight: 64, appium:takesScreenshot: true, appium:viewportRect: {height: 1548, left: 0, top: 64, width: 720}, appium:warnings: {}, appium:webStorageEnabled: false, platformName: ANDROID}
Session ID: 2d968d9f-ddc4-425e-ab5f-8551acb1e196
at java.base/jdk.internal.reflect.DirectConstructorHandleAccessor.newInstance(DirectConstructorHandleAccessor.java:62)
at java.base/java.lang.reflect.Constructor.newInstanceWithCaller(Constructor.java:502)
at java.base/java.lang.reflect.Constructor.newInstance(Constructor.java:486)
at org.openqa.selenium.remote.ErrorCodec.decode(ErrorCodec.java:167)
at org.openqa.selenium.remote.codec.w3c.W3CHttpResponseCodec.decode(W3CHttpResponseCodec.java:138)
at org.openqa.selenium.remote.codec.w3c.W3CHttpResponseCodec.decode(W3CHttpResponseCodec.java:50)
at org.openqa.selenium.remote.HttpCommandExecutor.execute(HttpCommandExecutor.java:215)
at io.appium.java_client.remote.AppiumCommandExecutor.execute(AppiumCommandExecutor.java:243)
at org.openqa.selenium.remote.RemoteWebDriver.execute(RemoteWebDriver.java:557)
at org.openqa.selenium.remote.ElementLocation$ElementFinder$2.findElement(ElementLocation.java:165)
at org.openqa.selenium.remote.ElementLocation.findElement(ElementLocation.java:59)
at org.openqa.selenium.remote.RemoteWebDriver.findElement(RemoteWebDriver.java:380)
at org.openqa.selenium.remote.RemoteWebDriver.findElement(RemoteWebDriver.java:374)
at pages.myProfilePage.updateLocation(myProfilePage.java:55)
at tests.locationUpdateTest.verifyLocationUpdate(locationUpdateTest.java:15)
at java.base/jdk.internal.reflect.DirectMethodHandleAccessor.invoke(DirectMethodHandleAccessor.java:103)
at java.base/java.lang.reflect.Method.invoke(Method.java:580)
at org.testng.internal.invokers.MethodInvocationHelper.invokeMethod(MethodInvocationHelper.java:141)
at org.testng.internal.invokers.TestInvoker.invokeMethod(TestInvoker.java:687)
at org.testng.internal.invokers.TestInvoker.invokeTestMethod(TestInvoker.java:230)
at org.testng.internal.invokers.MethodRunner.runInSequence(MethodRunner.java:63)
at org.testng.internal.invokers.TestInvoker$MethodInvocationAgent.invoke(TestInvoker.java:995)
at org.testng.internal.invokers.TestInvoker.invokeTestMethods(TestInvoker.java:203)
at org.testng.internal.invokers.TestMethodWorker.invokeTestMethods(TestMethodWorker.java:154)
at org.testng.internal.invokers.TestMethodWorker.run(TestMethodWorker.java:134)
at java.base/java.util.ArrayList.forEach(ArrayList.java:1596)
at org.testng.TestRunner.privateRun(TestRunner.java:741)
at org.testng.TestRunner.run(TestRunner.java:616)
at org.testng.SuiteRunner.runTest(SuiteRunner.java:421)
at org.testng.SuiteRunner.runSequentially(SuiteRunner.java:413)
at org.testng.SuiteRunner.privateRun(SuiteRunner.java:373)
at org.testng.SuiteRunner.run(SuiteRunner.java:312)
at org.testng.SuiteRunnerWorker.runSuite(SuiteRunnerWorker.java:52)
at org.testng.SuiteRunnerWorker.run(SuiteRunnerWorker.java:95)
at org.testng.TestNG.runSuitesSequentially(TestNG.java:1274)
at org.testng.TestNG.runSuitesLocally(TestNG.java:1208)
at org.testng.TestNG.runSuites(TestNG.java:1112)
at org.testng.TestNG.run(TestNG.java:1079)
at org.testng.remote.AbstractRemoteTestNG.run(AbstractRemoteTestNG.java:115)
at org.testng.remote.RemoteTestNG.initAndRun(RemoteTestNG.java:293)
at org.testng.remote.RemoteTestNG.main(RemoteTestNG.java:91)
]]>
            </full-stacktrace>
          </exception> <!-- org.openqa.selenium.NoSuchElementException -->
          <reporter-output>
          </reporter-output>
        </test-method> <!-- verifyLocationUpdate -->
        <test-method is-config="true" signature="tearDown()[pri:0, instance:tests.locationUpdateTest@489115ef]" started-at="2025-09-25T16:07:36 IST" name="tearDown" finished-at="2025-09-25T16:07:37 IST" duration-ms="1084" status="PASS">
          <reporter-output>
          </reporter-output>
        </test-method> <!-- tearDown -->
      </class> <!-- tests.locationUpdateTest -->
    </test> <!-- MyProfileTests -->
  </suite> <!-- MyProfileTestSuite -->
</testng-results>
